<?xml version="1.0" encoding="UTF-8"?>
<robot generator="Robot 7.4.2 (Python 3.14.2 on win32)" generated="2026-03-29T22:18:21.251083" rpa="false" schemaversion="5">
<suite id="s1" name="Browser Demo 2" source="C:\Metropolia_projektit\HYTE-kevat-26\frontend-vite\tests\tehtavat\browser_demo_2.robot">
<test id="s1-t1" name="Suorita Tehtava 3 Web Form" line="6">
<kw name="New Browser" owner="Browser">
<msg time="2026-03-29T22:18:21.584521" level="INFO">{"browser": "chromium", "headless": false, "chromiumSandbox": false, "devtools": false, "handleSIGHUP": true, "handleSIGINT": true, "handleSIGTERM": true, "slowMo": 0.0, "timeout": 30000.0, "tracesDir": "C:\\Metropolia_projektit\\HYTE-kevat-26\\frontend-vite\\browser\\traces\\temp\\42f4d949-55bd-49a4-8b2e-ba30721e14db"}</msg>
<msg time="2026-03-29T22:18:21.652723" level="INFO">Starting Browser process C:\Metropolia_projektit\HYTE-kevat-26\frontend-vite\.venv\Lib\site-packages\Browser\wrapper\index.js using at 127.0.0.1:29078</msg>
<msg time="2026-03-29T22:18:22.982567" level="INFO">Successfully created browser with options: {"browser":"chromium","headless":false,"chromiumSandbox":false,"devtools":false,"handleSIGHUP":true,"handleSIGINT":true,"handleSIGTERM":true,"slowMo":0,"timeout":30000,"tracesDir":"C:\\Metropolia_projektit\\HYTE-kevat-26\\frontend-vite\\browser\\traces\\temp\\42f4d949-55bd-49a4-8b2e-ba30721e14db"}</msg>
<arg>chromium</arg>
<arg>headless=No</arg>
<tag>BrowserControl</tag>
<tag>Setter</tag>
<doc>Create a new playwright Browser with specified options.</doc>
<status status="PASS" start="2026-03-29T22:18:21.583741" elapsed="1.399084"/>
</kw>
<kw name="New Page" owner="Browser">
<msg time="2026-03-29T22:18:23.475441" level="INFO">Successfully initialized new page object and opened url: https://www.selenium.dev/selenium/web/web-form.html</msg>
<msg time="2026-03-29T22:18:23.475521" level="INFO">No context was open. New context was automatically opened when this page is created.</msg>
<arg>https://www.selenium.dev/selenium/web/web-form.html</arg>
<tag>BrowserControl</tag>
<tag>Setter</tag>
<doc>Open a new Page.</doc>
<status status="PASS" start="2026-03-29T22:18:22.985098" elapsed="0.490619"/>
</kw>
<kw name="Select Options By" owner="Browser">
<msg time="2026-03-29T22:18:23.478524" level="INFO">Selects the option(s) 2 by attribute SelectAttribute.value from element [name="my-select"].</msg>
<arg>[name="my-select"]</arg>
<arg>value</arg>
<arg>2</arg>
<tag>PageContent</tag>
<tag>Setter</tag>
<doc>Selects options from select element found by ``selector``.</doc>
<status status="PASS" start="2026-03-29T22:18:23.476127" elapsed="0.074405"/>
</kw>
<kw name="Type Text" owner="Browser">
<msg time="2026-03-29T22:18:23.551555" level="INFO">Types the text 'Helsinki' in the given field.</msg>
<arg>[name="my-datalist"]</arg>
<arg>Helsinki</arg>
<tag>PageContent</tag>
<tag>Setter</tag>
<doc>Types the given ``txt`` into the text field found by ``selector``.</doc>
<status status="PASS" start="2026-03-29T22:18:23.550889" elapsed="0.055841"/>
</kw>
<kw name="Check Checkbox" owner="Browser">
<arg>id=my-check-1</arg>
<tag>PageContent</tag>
<tag>Setter</tag>
<doc>Checks the checkbox or selects radio button found by ``selector``.</doc>
<status status="PASS" start="2026-03-29T22:18:23.607099" elapsed="0.017134"/>
</kw>
<kw name="Check Checkbox" owner="Browser">
<arg>id=my-check-2</arg>
<tag>PageContent</tag>
<tag>Setter</tag>
<doc>Checks the checkbox or selects radio button found by ``selector``.</doc>
<status status="PASS" start="2026-03-29T22:18:23.624564" elapsed="0.047854"/>
</kw>
<kw name="Click" owner="Browser">
<msg time="2026-03-29T22:18:23.673713" level="INFO">Clicks the element 'id=my-radio-1'.</msg>
<arg>id=my-radio-1</arg>
<tag>PageContent</tag>
<tag>Setter</tag>
<doc>Simulates mouse click on the element found by ``selector``.</doc>
<status status="PASS" start="2026-03-29T22:18:23.672879" elapsed="0.273203"/>
</kw>
<kw name="Upload File By Selector" owner="Browser">
<arg>[name="my-file"]</arg>
<arg>C:\\Metropolia_projektit\\HYTE-kevat-26\\frontend-vite\\tests\\tehtavat/testi.txt</arg>
<tag>PageContent</tag>
<tag>Setter</tag>
<doc>Uploads file from ``path`` to file input element matched by selector.</doc>
<status status="PASS" start="2026-03-29T22:18:23.946476" elapsed="0.014665"/>
</kw>
<kw name="Click" owner="Browser">
<msg time="2026-03-29T22:18:23.962207" level="INFO">Clicks the element 'button[type="submit"]'.</msg>
<arg>button[type="submit"]</arg>
<tag>PageContent</tag>
<tag>Setter</tag>
<doc>Simulates mouse click on the element found by ``selector``.</doc>
<status status="PASS" start="2026-03-29T22:18:23.961558" elapsed="0.035708"/>
</kw>
<kw name="Get Text" owner="Browser">
<msg time="2026-03-29T22:18:24.037884" level="INFO">Text: 'Form submitted'</msg>
<arg>h1</arg>
<arg>==</arg>
<arg>Form submitted</arg>
<tag>Assertion</tag>
<tag>Getter</tag>
<tag>PageContent</tag>
<doc>Returns text attribute of the element found by ``selector``.</doc>
<status status="PASS" start="2026-03-29T22:18:23.997812" elapsed="0.040181"/>
</kw>
<kw name="Sleep" owner="BuiltIn">
<msg time="2026-03-29T22:18:34.038936" level="INFO">Slept 10 seconds.</msg>
<arg>10s</arg>
<doc>Pauses the test executed for the given time.</doc>
<status status="PASS" start="2026-03-29T22:18:24.038260" elapsed="10.000772"/>
</kw>
<status status="PASS" start="2026-03-29T22:18:21.582792" elapsed="12.456503"/>
</test>
<status status="PASS" start="2026-03-29T22:18:21.252641" elapsed="12.789761"/>
</suite>
<statistics>
<total>
<stat pass="1" fail="0" skip="0">All Tests</stat>
</total>
<tag>
</tag>
<suite>
<stat name="Browser Demo 2" id="s1" pass="1" fail="0" skip="0">Browser Demo 2</stat>
</suite>
</statistics>
<errors>
</errors>
</robot>
