<?xml version="1.0" encoding="UTF-8"?>
<robot generator="Robot 7.4.2 (Python 3.14.2 on win32)" generated="2026-04-26T17:18:01.759898" rpa="false" schemaversion="5">
<suite id="s1" name="Crypto Login Test" source="C:\Metropolia_projektit\HYTE-kevat-26\frontend-vite\tests\front\crypto_login_test.robot">
<test id="s1-t1" name="Crypto Login Test" line="11">
<kw name="New Browser" owner="Browser">
<msg time="2026-04-26T17:18:02.680323" level="INFO">{"browser": "chromium", "headless": false, "chromiumSandbox": false, "devtools": false, "handleSIGHUP": true, "handleSIGINT": true, "handleSIGTERM": true, "slowMo": 0.0, "timeout": 30000.0, "tracesDir": "C:\\Metropolia_projektit\\HYTE-kevat-26\\frontend-vite\\outputs\\browser\\traces\\temp\\444e5d55-ecb4-4749-adec-591b59a5205d"}</msg>
<msg time="2026-04-26T17:18:02.772359" level="INFO">Starting Browser process C:\Metropolia_projektit\HYTE-kevat-26\frontend-vite\.venv\Lib\site-packages\Browser\wrapper\index.js using at 127.0.0.1:53323</msg>
<msg time="2026-04-26T17:18:04.147592" level="INFO">Successfully created browser with options: {"browser":"chromium","headless":false,"chromiumSandbox":false,"devtools":false,"handleSIGHUP":true,"handleSIGINT":true,"handleSIGTERM":true,"slowMo":0,"timeout":30000,"tracesDir":"C:\\Metropolia_projektit\\HYTE-kevat-26\\frontend-vite\\outputs\\browser\\traces\\temp\\444e5d55-ecb4-4749-adec-591b59a5205d"}</msg>
<arg>chromium</arg>
<arg>headless=No</arg>
<tag>BrowserControl</tag>
<tag>Setter</tag>
<doc>Create a new playwright Browser with specified options.</doc>
<status status="PASS" start="2026-04-26T17:18:02.679337" elapsed="1.468553"/>
</kw>
<kw name="New Page" owner="Browser">
<msg time="2026-04-26T17:18:04.509892" level="INFO">Successfully initialized new page object and opened url: http://localhost:5173/login.html</msg>
<msg time="2026-04-26T17:18:04.510022" level="INFO">No context was open. New context was automatically opened when this page is created.</msg>
<arg>${URL}/login.html</arg>
<tag>BrowserControl</tag>
<tag>Setter</tag>
<doc>Open a new Page.</doc>
<status status="PASS" start="2026-04-26T17:18:04.151382" elapsed="0.358874"/>
</kw>
<kw name="Get Title" owner="Browser">
<msg time="2026-04-26T17:18:04.521742" level="INFO">Title: 'Miten menee? - Kirjaudu'</msg>
<arg>==</arg>
<arg>Miten menee? - Kirjaudu</arg>
<tag>Assertion</tag>
<tag>Getter</tag>
<tag>PageContent</tag>
<doc>Returns the title of the current page.</doc>
<status status="PASS" start="2026-04-26T17:18:04.511216" elapsed="0.010701"/>
</kw>
<kw name="Type Text" owner="Browser">
<msg time="2026-04-26T17:18:04.526635" level="INFO">Types the text '***' in the given field.</msg>
<arg>id=loginUsername</arg>
<arg>${USERNAME}</arg>
<arg>delay=0.1 s</arg>
<tag>PageContent</tag>
<tag>Setter</tag>
<doc>Types the given ``txt`` into the text field found by ``selector``.</doc>
<status status="PASS" start="2026-04-26T17:18:04.525407" elapsed="0.918392"/>
</kw>
<kw name="Type Secret" owner="Browser">
<arg>id=loginPassword</arg>
<arg>$PASSWORD</arg>
<arg>delay=0.1 s</arg>
<tag>PageContent</tag>
<tag>Setter</tag>
<doc>Types the given secret from ``variable_name`` into the text field
found by ``selector``.</doc>
<status status="PASS" start="2026-04-26T17:18:05.444162" elapsed="0.878054"/>
</kw>
<kw name="Click With Options" owner="Browser">
<msg time="2026-04-26T17:18:06.323413" level="INFO">Clicks the element 'form.loginForm &gt;&gt; button[type="submit"]'.</msg>
<arg>form.loginForm &gt;&gt; button[type="submit"]</arg>
<arg>delay=2 s</arg>
<tag>PageContent</tag>
<tag>Setter</tag>
<doc>Simulates mouse click on the element found by ``selector``.</doc>
<status status="PASS" start="2026-04-26T17:18:06.322643" elapsed="2.042062"/>
</kw>
<kw name="Sleep" owner="BuiltIn">
<msg time="2026-04-26T17:18:11.365816" level="INFO">Slept 3 seconds.</msg>
<arg>3s</arg>
<doc>Pauses the test executed for the given time.</doc>
<status status="PASS" start="2026-04-26T17:18:08.365034" elapsed="3.000908"/>
</kw>
<kw name="Get Url" owner="Browser">
<arg>==</arg>
<arg>${URL}/paivakirja.html</arg>
<tag>Assertion</tag>
<tag>Getter</tag>
<tag>PageContent</tag>
<doc>Returns the current URL.</doc>
<status status="PASS" start="2026-04-26T17:18:11.366249" elapsed="0.002522"/>
</kw>
<kw name="Take Screenshot" owner="Browser">
<msg time="2026-04-26T17:18:11.467761" level="INFO" html="true">&lt;/td&gt;&lt;/tr&gt;&lt;tr&gt;&lt;td colspan="3"&gt;&lt;a href="browser/screenshot/robotframework-browser-screenshot-1.png" target="_blank"&gt;&lt;img src="browser/screenshot/robotframework-browser-screenshot-1.png" width="800px"/&gt;&lt;/a&gt;</msg>
<tag>PageContent</tag>
<doc>Takes a screenshot of the current window or element and saves it to disk.</doc>
<status status="PASS" start="2026-04-26T17:18:11.369192" elapsed="0.098722"/>
</kw>
<kw name="Sleep" owner="BuiltIn">
<msg time="2026-04-26T17:18:13.469139" level="INFO">Slept 2 seconds.</msg>
<arg>2s</arg>
<doc>Pauses the test executed for the given time.</doc>
<status status="PASS" start="2026-04-26T17:18:11.468372" elapsed="2.000897"/>
</kw>
<status status="PASS" start="2026-04-26T17:18:02.676032" elapsed="10.793568"/>
</test>
<status status="PASS" start="2026-04-26T17:18:01.762388" elapsed="11.710649"/>
</suite>
<statistics>
<total>
<stat pass="1" fail="0" skip="0">All Tests</stat>
</total>
<tag>
</tag>
<suite>
<stat name="Crypto Login Test" id="s1" pass="1" fail="0" skip="0">Crypto Login Test</stat>
</suite>
</statistics>
<errors>
</errors>
</robot>
